TN:
SF:src/routes.ts
FNF:0
FNH:0
DA:1,1
DA:3,1
DA:5,1
DA:8,1
DA:10,1
DA:11,1
DA:12,1
DA:13,1
DA:14,1
DA:17,1
LF:10
LH:10
BRF:0
BRH:0
end_of_record
TN:
SF:src/server.ts
FNF:0
FNH:0
DA:1,1
DA:2,1
DA:4,1
DA:6,1
DA:8,1
DA:9,1
DA:10,1
DA:13,1
DA:15,1
LF:9
LH:9
BRF:0
BRH:0
end_of_record
TN:
SF:src/controllers/CarController.ts
FN:5,(anonymous_14)
FN:6,(anonymous_16)
FN:12,(anonymous_19)
FN:24,(anonymous_22)
FN:36,(anonymous_25)
FN:53,(anonymous_28)
FNF:6
FNH:6
FNDA:2,(anonymous_14)
FNDA:1,(anonymous_16)
FNDA:1,(anonymous_19)
FNDA:1,(anonymous_22)
FNDA:1,(anonymous_25)
FNDA:1,(anonymous_28)
DA:3,1
DA:5,1
DA:6,1
DA:7,1
DA:9,1
DA:12,1
DA:13,1
DA:15,1
DA:17,1
DA:18,0
DA:21,1
DA:24,1
DA:26,1
DA:28,2
DA:30,1
DA:32,0
DA:36,1
DA:38,1
DA:39,1
DA:42,2
DA:46,1
DA:49,0
DA:53,1
DA:55,1
DA:57,2
DA:60,1
DA:62,0
DA:65,1
DA:67,1
LF:29
LH:25
BRDA:7,0,0,1
BRDA:17,1,0,0
BRDA:17,1,1,1
BRF:3
BRH:2
end_of_record
TN:
SF:src/database/connection.ts
FNF:0
FNH:0
DA:1,1
DA:2,1
DA:4,1
DA:12,1
LF:4
LH:4
BRF:0
BRH:0
end_of_record
